TAP version 13
# date=Thu, 29 Sep 2022 08:40:35 GMT
# version=0.0.1
# Subtest: balenaFin QA suite
    # Subtest: balenaOS
        # Subtest: check balenaOS version valid
            # Subtest: check result
                # balenaOS version is 2.101.7+rev2
                # 
                ok 1 - semver of balenaOS should be valid
                1..1
            ok 1 - check result # time=40.265ms
            
            1..1
        ok 1 - check balenaOS version valid # time=287.934ms
        
        1..1
    ok 1 - balenaOS # time=320.601ms
    
    # Subtest: Bluetooth
        # Subtest: check bluetooth is functional
            # Subtest: check for hci0
                ok 1 - should report 1 instance of hci0 interface
                1..1
            ok 1 - check for hci0 # time=28.719ms
            
            # Subtest: check bluetooth address
                ok 1 - BD Address should not be AA:AA:AA:AA:AA:AA
                1..1
            ok 2 - check bluetooth address # time=14.326ms
            
            1..2
        ok 1 - check bluetooth is functional # time=237.022ms
        
        1..1
    ok 2 - Bluetooth # time=269.944ms
    
    # Subtest: EEPROM
        # generate test payload: 'rPdnWeW+w/fYiXioS7D4K'
        # Subtest: check eeprom write
            # writing payload to eeprom
            ok 1 - no errors should be reported during eeprom - write
            1..1
        ok 1 - check eeprom write # time=229.658ms
        
        # Subtest: check eeprom read
            ok 1 - no errors should be reported during eeprom - read
            ok 2 - expected to read 'rPdnWeW+w/fYiXioS7D4K' from eeprom
            1..2
        ok 2 - check eeprom read # time=119.907ms
        
        1..2
    ok 3 - EEPROM # time=420.768ms
    
    # Subtest: eMMC
        # Subtest: check size of eMMC
            # found eMMC of size 64 GB
            ok 1 - should be of size 8, 16, 32 or 64 GB; is 64 GB
            1..1
        ok 1 - check size of eMMC # time=117.665ms
        
        1..1
    ok 4 - eMMC # time=194.565ms
    
    # Subtest: Ethernet
        # Subtest: check eth0 interface is available
            ok 1 - should be able to see eth0
            1..1
        ok 1 - check eth0 interface is available # time=154.967ms
        
        # Subtest: check can reach internet
            ok 1 - should be able to reach the internet
            1..1
        ok 2 - check can reach internet # time=4159.351ms
        
        1..2
    ok 5 - Ethernet # time=4399.171ms
    
    # Subtest: I2C
        # Subtest: check i2c interface is available
            # Subtest: check for i2c addresses
                ok 1 - i2c address list should be greater than 0
                # found 3 i2c addresses
                1..1
            ok 1 - check for i2c addresses # time=19.959ms
            
            1..1
        ok 1 - check i2c interface is available # time=215.618ms
        
        1..1
    ok 6 - I2C # time=233.806ms
    
    ok 7 - Modem # SKIP
    # Subtest: RGB LED
        # Subtest: check rgb led can be controlled
            # setting RGB LED to red
            # setting RGB LED to blue
            # setting RGB LED to green
            # Subtest: check dmesg for driver output
                ok 1 - should be able to control RGB LED
                # driver output: [   11.961406] pca953x 11-0020: supply vcc not found, using dummy regulator
                # [   11.961565] pca953x 11-0020: using no AI
                # 
                1..1
            ok 1 - check dmesg for driver output # time=18.255ms
            
            1..1
        ok 1 - check rgb led can be controlled # time=3182.066ms
        
        1..1
    ok 8 - RGB LED # time=3220.922ms
    
    # Subtest: RTC
        # Subtest: check the RTC is registered
            # Subtest: check that a date is received
                # rtc datetime shown as 2022-09-29 08:40:46.357103+00:00
                # 
                ok 1 - hwclock should report valid datetime
                ok 2 - hwclock should not report any errors
                1..2
            ok 1 - check that a date is received # time=22.717ms
            
            1..1
        ok 1 - check the RTC is registered # time=729.692ms
        
        1..1
    ok 9 - RTC # time=789.197ms
    
    # Subtest: USB
        # Subtest: check USB list for devices
            # Subtest: check for at least 3 devices on the bus
                ok 1 - expecting at least 3 devices on the usb bus
                1..1
            ok 1 - check for at least 3 devices on the bus # time=11.562ms
            
            1..1
        ok 1 - check USB list for devices # time=209.568ms
        
        1..1
    ok 10 - USB # time=236.865ms
    
    # Subtest: WiFi
        # Subtest: check wlan0 interface is available
            not ok 1 - Command failed: ifconfig wlan0 wlan0: error fetching interface information: Device not found
              ---
              at:
                line: 400
                column: 12
                file: node:child_process
                function: ChildProcess.exithandler
              code: 1
              killed: false
              signal: null
              cmd: ifconfig wlan0
              stdout: ""
              stderr: |
                wlan0: error fetching interface information: Device not found
              tapCaught: returnedPromiseRejection
              test: check wlan0 interface is available
              ...
            
            1..1
            # failed 1 test
        not ok 1 - check wlan0 interface is available # time=251.02ms
        
        1..1
        # failed 1 test
    not ok 11 - WiFi # time=295.478ms
    
    1..11
    # failed 1 of 11 tests
    # skip: 1
not ok 1 - balenaFin QA suite # time=10562.052ms
  ---
  timeout: 100000
  ...

# ignored_tests=coprocessor
1..1
# failed 1 test
# time=10811.977ms
# serial='1130013720220001-0000'
# location='Athens, Attica, Greece'