TAP version 13
# Subtest: balenaFin suite - v0.0.1 - Mon, 19 Sep 2022 10:20:25 GMT
    # Subtest: balenaOS
        # Subtest: check balenaOS version valid
            # Subtest: check result
                # balenaOS version is 2.101.7+rev2
                # 
                ok 1 - semver of balenaOS should be valid
                1..1
            ok 1 - check result # time=55.108ms
            
            1..1
        ok 1 - check balenaOS version valid # time=341.829ms
        
        1..1
    ok 1 - balenaOS # time=390.236ms
    
    # Subtest: Bluetooth
        # Subtest: check bluetooth is functional
            not ok 1 - Command failed: hcitool scan Device is not available: No such device
              ---
              at:
                line: 399
                column: 12
                file: node:child_process
                function: ChildProcess.exithandler
              killed: false
              code: 1
              signal: null
              cmd: hcitool scan
              stdout: ""
              stderr: |
                Device is not available: No such device
              tapCaught: returnedPromiseRejection
              test: check bluetooth is functional
              ...
            
            1..1
            # failed 1 test
        not ok 1 - check bluetooth is functional # time=312.622ms
        
        1..1
        # failed 1 test
    not ok 2 - Bluetooth # time=345.062ms
      ---
      timeout: 15000
      ...
    
    # Subtest: Coprocessor
        # Subtest: attempt to flash firmata
            # attempting to flash firmware: /usr/src/app/suites/coprocessor/bin/firmata.hex with bootloader: /usr/src/app/suites/coprocessor/bin/bootloader.s37
            # spawning openocd process with board config -d2,-f,board/balena-fin/balena-fin-v1-1.cfg
            # spawning telnet client process...
            # telnet stderr: Connection closed by foreign host.
            # 
            # openocd child process exited with code 0
            # telnet child process exited with code 1
            ok 1 - bootloader and firmware should start programming
            ok 2 - bootloader and firmware should finish programming
            ok 3 - coprocessor should be type of 'EFR32MG1B Blue Gecko'
            ok 4 - coprocessor should have flash size of '256kbytes'
            1..4
        ok 1 - attempt to flash firmata # time=64187.472ms
        
        1..1
    ok 3 - Coprocessor # time=64215.909ms
    
    # Subtest: EEPROM
        # generate test payload: '0iQKAAMru+Y+CF+9i68UU'
        # Subtest: check eeprom write
            # writing payload to eeprom
            ok 1 - no errors should be reported during eeprom - write
            1..1
        ok 1 - check eeprom write # time=142.256ms
        
        # Subtest: check eeprom read
            ok 1 - no errors should be reported during eeprom - read
            ok 2 - expected to read '0iQKAAMru+Y+CF+9i68UU' from eeprom
            1..2
        ok 2 - check eeprom read # time=34.386ms
        
        1..2
    ok 4 - EEPROM # time=210.263ms
    
    # Subtest: eMMC
        # Subtest: check size of eMMC
            # found eMMC of size 16 GB
            ok 1 - should be of size 8, 16, 32 or 64 GB; is 16 GB
            1..1
        ok 1 - check size of eMMC # time=43.081ms
        
        1..1
    ok 5 - eMMC # time=67.297ms
    
    # Subtest: Ethernet
        # Subtest: check eth0 interface is available
            ok 1 - should be able to see eth0
            1..1
        ok 1 - check eth0 interface is available # time=46.2ms
        
        # Subtest: check can reach internet
            ok 1 - should be able to reach the internet
            1..1
        ok 2 - check can reach internet # time=4102.282ms
        
        1..2
    ok 6 - Ethernet # time=4176.751ms
    
    # Subtest: I2C
        # Subtest: check i2c interface is available
            # Subtest: check for i2c addresses
                ok 1 - i2c address list should be greater than 0
                # found 3 i2c addresses
                1..1
            ok 1 - check for i2c addresses # time=10.238ms
            
            1..1
        ok 1 - check i2c interface is available # time=160.206ms
        
        1..1
    ok 7 - I2C # time=185.851ms
    
    ok 8 - Modem # SKIP
    # Subtest: RGB LED
        # Subtest: check rgb led can be controlled
            # setting RGB LED to cyan
            # Subtest: check dmesg for driver output
                ok 1 - should be able to control RGB LED
                # driver output: [   11.914752] pca953x 11-0020: supply vcc not found, using dummy regulator
                # [   11.914928] pca953x 11-0020: using no AI
                # 
                1..1
            ok 1 - check dmesg for driver output # time=10.637ms
            
            1..1
        ok 1 - check rgb led can be controlled # time=2106.79ms
        
        1..1
    ok 9 - RGB LED # time=2134.216ms
    
    # Subtest: RTC
        # Subtest: check the RTC is registered
            # Subtest: check that a date is received
                # rtc datetime shown as 2022-09-19 10:21:37.874487+00:00
                # 
                ok 1 - hwclock should report valid datetime
                ok 2 - hwclock should not report any errors
                1..2
            ok 1 - check that a date is received # time=17.241ms
            
            1..1
        ok 1 - check the RTC is registered # time=179.029ms
        
        1..1
    ok 10 - RTC # time=205.684ms
    
    # Subtest: USB
        # Subtest: check USB list for devices
            # Subtest: check for at least 3 devices on the bus
                ok 1 - expecting at least 3 devices on the usb bus
                1..1
            ok 1 - check for at least 3 devices on the bus # time=10.423ms
            
            1..1
        ok 1 - check USB list for devices # time=82.533ms
        
        1..1
    ok 11 - USB # time=103.991ms
    
    # Subtest: WiFi
        # Subtest: check wlan0 interface is available
            not ok 1 - Command failed: ifconfig wlan0 wlan0: error fetching interface information: Device not found
              ---
              at:
                line: 399
                column: 12
                file: node:child_process
                function: ChildProcess.exithandler
              killed: false
              code: 1
              signal: null
              cmd: ifconfig wlan0
              stdout: ""
              stderr: |
                wlan0: error fetching interface information: Device not found
              tapCaught: returnedPromiseRejection
              test: check wlan0 interface is available
              ...
            
            1..1
            # failed 1 test
        not ok 1 - check wlan0 interface is available # time=104.194ms
        
        1..1
        # failed 1 test
    not ok 12 - WiFi # time=129.578ms
    
    1..12
    # failed 2 of 12 tests
    # skip: 1
not ok 1 - balenaFin suite - v0.0.1 - Mon, 19 Sep 2022 10:20:25 GMT # time=72355.013ms
  ---
  timeout: 100000
  ...

1..1
# failed 1 test
# time=72537.344ms
# serial='1130013720220001-0005'
# location='Athens, Attica, Greece'