TAP version 13
# date=Wed, 26 Oct 2022 10:20:08 GMT
# version=0.0.1
# Subtest: balenaFin QA suite
    # Subtest: balenaOS
        # Subtest: check balenaOS version valid
            # Subtest: check result
                # balenaOS version is 2.101.7+rev2
                # 
                ok 1 - semver of balenaOS should be valid
                1..1
            ok 1 - check result # time=67.51ms
            
            1..1
        ok 1 - check balenaOS version valid # time=338.387ms
        
        1..1
    ok 1 - balenaOS # time=376.597ms
    
    # Subtest: Bluetooth
        # Subtest: check bluetooth is functional
            # Subtest: check for hci0
                not ok 1 - should report 1 instance of hci0 interface
                  ---
                  found: 0
                  wanted: 1
                  compare: ===
                  at:
                    line: 10
                    column: 27
                    file: suites/bluetooth/index.js
                    type: Test
                  stack: |
                    Test.<anonymous> (suites/bluetooth/index.js:10:27)
                    suites/bluetooth/index.js:9:23
                    Test.<anonymous> (suites/bluetooth/index.js:7:13)
                  source: >2
                                        t.test('check for hci0', t => {
                                            t.equal(util.countOccurrences(result.stdout, 'hci0'), 1, `should report 1 instance of hci0 interface`)
                    --------------------------^
                                            t.end()
                                        })
                  ...
                
                1..1
                # failed 1 test
            not ok 1 - check for hci0 # time=380.277ms
            
            # Subtest: check bluetooth address
                ok 1 - BD Address should not be AA:AA:AA:AA:AA:AA
                1..1
            ok 2 - check bluetooth address # time=10.298ms
            
            1..2
            # failed 1 of 2 tests
        not ok 1 - check bluetooth is functional # time=613.674ms
        
        1..1
        # failed 1 test
    not ok 2 - Bluetooth # time=665.794ms
      ---
      timeout: 15000
      ...
    
    # Subtest: EEPROM
        # generate test payload: 'k4z6fjTlC408Zwfxzy7Wd'
        # Subtest: check eeprom write
            # writing payload to eeprom
            ok 1 - no errors should be reported during eeprom - write
            1..1
        ok 1 - check eeprom write # time=191.734ms
        
        # Subtest: check eeprom read
            ok 1 - no errors should be reported during eeprom - read
            ok 2 - expected to read 'k4z6fjTlC408Zwfxzy7Wd' from eeprom
            1..2
        ok 2 - check eeprom read # time=133.35ms
        
        1..2
    ok 3 - EEPROM # time=399.219ms
    
    # Subtest: eMMC
        # Subtest: check size of eMMC
            # found eMMC of size 64 GB
            ok 1 - should be of size 8, 16, 32 or 64 GB; is 64 GB
            1..1
        ok 1 - check size of eMMC # time=141.849ms
        
        1..1
    ok 4 - eMMC # time=240.241ms
    
    # Subtest: Ethernet
        # Subtest: check eth0 interface is available
            ok 1 - should be able to see eth0
            1..1
        ok 1 - check eth0 interface is available # time=86.256ms
        
        # Subtest: check can reach internet
            ok 1 - should be able to reach the internet
            1..1
        ok 2 - check can reach internet # time=4229.384ms
        
        1..2
    ok 5 - Ethernet # time=4437.977ms
    
    # Subtest: I2C
        # Subtest: check i2c interface is available
            # Subtest: check for i2c addresses
                ok 1 - i2c address list should be greater than 0
                # found 3 i2c addresses
                1..1
            ok 1 - check for i2c addresses # time=24.282ms
            
            1..1
        ok 1 - check i2c interface is available # time=213.291ms
        
        1..1
    ok 6 - I2C # time=234.494ms
    
    ok 7 - Modem # SKIP
    # Subtest: RGB LED
        # Subtest: check rgb led can be controlled
            # setting RGB LED to red
            # setting RGB LED to blue
            # setting RGB LED to green
            # Subtest: check dmesg for driver output
                ok 1 - should be able to control RGB LED
                # driver output: [   11.539072] pca953x 11-0020: supply vcc not found, using dummy regulator
                # [   11.539268] pca953x 11-0020: using no AI
                # 
                1..1
            ok 1 - check dmesg for driver output # time=22.739ms
            
            1..1
        ok 1 - check rgb led can be controlled # time=3183.95ms
        
        1..1
    ok 8 - RGB LED # time=3221.993ms
    
    # Subtest: RTC
        # Subtest: check the RTC is registered
            # Subtest: check that a date is received
                # rtc datetime shown as 2022-10-26 10:20:18.551732+00:00
                # 
                ok 1 - hwclock should report valid datetime
                ok 2 - hwclock should not report any errors
                1..2
            ok 1 - check that a date is received # time=25.471ms
            
            1..1
        ok 1 - check the RTC is registered # time=525.816ms
        
        1..1
    ok 9 - RTC # time=546.893ms
    
    # Subtest: USB
        # Subtest: check USB list for devices
            # Subtest: check for at least 3 devices on the bus
                ok 1 - expecting at least 3 devices on the usb bus
                1..1
            ok 1 - check for at least 3 devices on the bus # time=26.766ms
            
            1..1
        ok 1 - check USB list for devices # time=206.819ms
        
        1..1
    ok 10 - USB # time=229.831ms
    
    # Subtest: WiFi
        # Subtest: check wlan0 interface is available
            not ok 1 - Command failed: ifconfig wlan0 wlan0: error fetching interface information: Device not found
              ---
              at:
                line: 400
                column: 12
                file: node:child_process
                function: ChildProcess.exithandler
              code: 1
              killed: false
              signal: null
              cmd: ifconfig wlan0
              stdout: ""
              stderr: |
                wlan0: error fetching interface information: Device not found
              tapCaught: returnedPromiseRejection
              test: check wlan0 interface is available
              ...
            
            1..1
            # failed 1 test
        not ok 1 - check wlan0 interface is available # time=199.301ms
        
        1..1
        # failed 1 test
    not ok 11 - WiFi # time=226.023ms
    
    1..11
    # failed 2 of 11 tests
    # skip: 1
not ok 1 - balenaFin QA suite # time=10764.558ms
  ---
  timeout: 100000
  ...

# ignored_tests=coprocessor
1..1
# failed 1 test
# time=10961.228ms
# serial='1130013720220001-0045'
# location='Athens, Attica, Greece'