TAP version 13
# Subtest: balenaFin suite - v0.0.1 - Wed, 21 Sep 2022 11:19:43 GMT
    # Subtest: balenaOS
        # Subtest: check balenaOS version valid
            # Subtest: check result
                # balenaOS version is 2.101.7+rev2
                # 
                ok 1 - semver of balenaOS should be valid
                1..1
            ok 1 - check result # time=67.449ms
            
            1..1
        ok 1 - check balenaOS version valid # time=533.007ms
        
        1..1
    ok 1 - balenaOS # time=658.999ms
    
    # Subtest: Bluetooth
        # Subtest: check bluetooth is functional
            # Subtest: check for hci0
                not ok 1 - should report 1 instance of hci0 interface
                  ---
                  found: 0
                  wanted: 1
                  compare: ===
                  at:
                    line: 10
                    column: 27
                    file: suites/bluetooth/index.js
                    type: Test
                  stack: |
                    Test.<anonymous> (suites/bluetooth/index.js:10:27)
                    suites/bluetooth/index.js:9:23
                    Test.<anonymous> (suites/bluetooth/index.js:7:13)
                  source: >2
                                        t.test('check for hci0', t => {
                                            t.equal(util.countOccurrences(result.stdout, 'hci0'), 1, `should report 1 instance of hci0 interface`)
                    --------------------------^
                                            t.end()
                                        })
                  ...
                
                1..1
                # failed 1 test
            not ok 1 - check for hci0 # time=427.856ms
            
            # Subtest: check bluetooth address
                ok 1 - BD Address should not be AA:AA:AA:AA:AA:AA
                1..1
            ok 2 - check bluetooth address # time=30.173ms
            
            1..2
            # failed 1 of 2 tests
        not ok 1 - check bluetooth is functional # time=699.011ms
        
        1..1
        # failed 1 test
    not ok 2 - Bluetooth # time=747.663ms
      ---
      timeout: 15000
      ...
    
    # Subtest: Coprocessor
        # Subtest: attempt to flash firmata
            # attempting to flash firmware: /usr/src/app/suites/coprocessor/bin/firmata.hex with bootloader: /usr/src/app/suites/coprocessor/bin/bootloader.s37
            # spawning openocd process with board config -d2,-f,board/balena-fin/balena-fin-v1-1.cfg
            # spawning telnet client process...
            # telnet stderr: Connection closed by foreign host.
            # 
            # telnet child process exited with code 1
            # openocd child process exited with code 0
            ok 1 - bootloader and firmware should start programming
            ok 2 - bootloader and firmware should finish programming
            ok 3 - coprocessor should be type of 'EFR32MG1B Blue Gecko'
            ok 4 - coprocessor should have flash size of '256kbytes'
            1..4
        ok 1 - attempt to flash firmata # time=64186.516ms
        
        1..1
    ok 3 - Coprocessor # time=64223.881ms
    
    # Subtest: EEPROM
        # generate test payload: 'fH/qbWEG4nVzZ0vNRhH9c'
        # Subtest: check eeprom write
            # writing payload to eeprom
            ok 1 - no errors should be reported during eeprom - write
            1..1
        ok 1 - check eeprom write # time=177.784ms
        
        # Subtest: check eeprom read
            ok 1 - no errors should be reported during eeprom - read
            ok 2 - expected to read 'fH/qbWEG4nVzZ0vNRhH9c' from eeprom
            1..2
        ok 2 - check eeprom read # time=58.597ms
        
        1..2
    ok 4 - EEPROM # time=269.864ms
    
    # Subtest: eMMC
        # Subtest: check size of eMMC
            # found eMMC of size 16 GB
            ok 1 - should be of size 8, 16, 32 or 64 GB; is 16 GB
            1..1
        ok 1 - check size of eMMC # time=68.44ms
        
        1..1
    ok 5 - eMMC # time=95.912ms
    
    # Subtest: Ethernet
        # Subtest: check eth0 interface is available
            ok 1 - should be able to see eth0
            1..1
        ok 1 - check eth0 interface is available # time=65.955ms
        
        # Subtest: check can reach internet
            ok 1 - should be able to reach the internet
            1..1
        ok 2 - check can reach internet # time=4123.936ms
        
        1..2
    ok 6 - Ethernet # time=4231.677ms
    
    # Subtest: I2C
        # Subtest: check i2c interface is available
            # Subtest: check for i2c addresses
                ok 1 - i2c address list should be greater than 0
                # found 3 i2c addresses
                1..1
            ok 1 - check for i2c addresses # time=22.254ms
            
            1..1
        ok 1 - check i2c interface is available # time=231.416ms
        
        1..1
    ok 7 - I2C # time=258.458ms
    
    ok 8 - Modem # SKIP
    # Subtest: RGB LED
        # Subtest: check rgb led can be controlled
            # setting RGB LED to cyan
            # Subtest: check dmesg for driver output
                ok 1 - should be able to control RGB LED
                # driver output: [   11.769364] pca953x 11-0020: supply vcc not found, using dummy regulator
                # [   11.769537] pca953x 11-0020: using no AI
                # 
                1..1
            ok 1 - check dmesg for driver output # time=8.272ms
            
            1..1
        ok 1 - check rgb led can be controlled # time=2148.825ms
        
        1..1
    ok 9 - RGB LED # time=2184.575ms
    
    # Subtest: RTC
        # Subtest: check the RTC is registered
            # Subtest: check that a date is received
                # rtc datetime shown as 2022-09-21 11:20:58.310097+00:00
                # 
                ok 1 - hwclock should report valid datetime
                ok 2 - hwclock should not report any errors
                1..2
            ok 1 - check that a date is received # time=29.644ms
            
            1..1
        ok 1 - check the RTC is registered # time=748.84ms
        
        1..1
    ok 10 - RTC # time=809.179ms
    
    # Subtest: USB
        # Subtest: check USB list for devices
            # Subtest: check for at least 3 devices on the bus
                ok 1 - expecting at least 3 devices on the usb bus
                1..1
            ok 1 - check for at least 3 devices on the bus # time=21.15ms
            
            1..1
        ok 1 - check USB list for devices # time=132.89ms
        
        1..1
    ok 11 - USB # time=151.228ms
    
    # Subtest: WiFi
        # Subtest: check wlan0 interface is available
            not ok 1 - Command failed: ifconfig wlan0 wlan0: error fetching interface information: Device not found
              ---
              at:
                line: 399
                column: 12
                file: node:child_process
                function: ChildProcess.exithandler
              killed: false
              code: 1
              signal: null
              cmd: ifconfig wlan0
              stdout: ""
              stderr: |
                wlan0: error fetching interface information: Device not found
              tapCaught: returnedPromiseRejection
              test: check wlan0 interface is available
              ...
            
            1..1
            # failed 1 test
        not ok 1 - check wlan0 interface is available # time=151.022ms
        
        1..1
        # failed 1 test
    not ok 12 - WiFi # time=175.953ms
    
    1..12
    # failed 2 of 12 tests
    # skip: 1
not ok 1 - balenaFin suite - v0.0.1 - Wed, 21 Sep 2022 11:19:43 GMT # time=74162.338ms
  ---
  timeout: 100000
  ...

1..1
# failed 1 test
# time=74416.258ms
# serial='1130013720220001-0012'
# location='Athens, Attica, Greece'