TAP version 13
# date=Wed, 26 Oct 2022 07:59:48 GMT
# version=0.0.1
# Subtest: balenaFin QA suite
    # Subtest: balenaOS
        # Subtest: check balenaOS version valid
            # Subtest: check result
                # balenaOS version is 2.101.7+rev2
                # 
                ok 1 - semver of balenaOS should be valid
                1..1
            ok 1 - check result # time=47.827ms
            
            1..1
        ok 1 - check balenaOS version valid # time=305.998ms
        
        1..1
    ok 1 - balenaOS # time=355.395ms
    
    # Subtest: Bluetooth
        # Subtest: check bluetooth is functional
            # Subtest: check for hci0
                ok 1 - should report 1 instance of hci0 interface
                1..1
            ok 1 - check for hci0 # time=76.366ms
            
            # Subtest: check bluetooth address
                ok 1 - BD Address should not be AA:AA:AA:AA:AA:AA
                1..1
            ok 2 - check bluetooth address # time=20.782ms
            
            1..2
        ok 1 - check bluetooth is functional # time=328.769ms
        
        1..1
    ok 2 - Bluetooth # time=403.818ms
    
    # Subtest: EEPROM
        # generate test payload: 'epa6MbBxXcYdOCPef3Flk'
        # Subtest: check eeprom write
            # writing payload to eeprom
            ok 1 - no errors should be reported during eeprom - write
            1..1
        ok 1 - check eeprom write # time=223.632ms
        
        # Subtest: check eeprom read
            ok 1 - no errors should be reported during eeprom - read
            ok 2 - expected to read 'epa6MbBxXcYdOCPef3Flk' from eeprom
            1..2
        ok 2 - check eeprom read # time=110.023ms
        
        1..2
    ok 3 - EEPROM # time=449.988ms
    
    # Subtest: eMMC
        # Subtest: check size of eMMC
            # found eMMC of size 64 GB
            ok 1 - should be of size 8, 16, 32 or 64 GB; is 64 GB
            1..1
        ok 1 - check size of eMMC # time=137.171ms
        
        1..1
    ok 4 - eMMC # time=163.23ms
    
    # Subtest: Ethernet
        # Subtest: check eth0 interface is available
            ok 1 - should be able to see eth0
            1..1
        ok 1 - check eth0 interface is available # time=156.757ms
        
        # Subtest: check can reach internet
            ok 1 - should be able to reach the internet
            1..1
        ok 2 - check can reach internet # time=4196.413ms
        
        1..2
    ok 5 - Ethernet # time=4408.98ms
    
    # Subtest: I2C
        # Subtest: check i2c interface is available
            # Subtest: check for i2c addresses
                ok 1 - i2c address list should be greater than 0
                # found 3 i2c addresses
                1..1
            ok 1 - check for i2c addresses # time=21.094ms
            
            1..1
        ok 1 - check i2c interface is available # time=264.973ms
        
        1..1
    ok 6 - I2C # time=285.166ms
    
    ok 7 - Modem # SKIP
    # Subtest: RGB LED
        # Subtest: check rgb led can be controlled
            # setting RGB LED to red
            # setting RGB LED to blue
            # setting RGB LED to green
            # Subtest: check dmesg for driver output
                ok 1 - should be able to control RGB LED
                # driver output: [   11.494882] pca953x 11-0020: supply vcc not found, using dummy regulator
                # [   11.495054] pca953x 11-0020: using no AI
                # 
                1..1
            ok 1 - check dmesg for driver output # time=12.301ms
            
            1..1
        ok 1 - check rgb led can be controlled # time=3145.005ms
        
        1..1
    ok 8 - RGB LED # time=3192.899ms
    
    # Subtest: RTC
        # Subtest: check the RTC is registered
            # Subtest: check that a date is received
                # rtc datetime shown as 2022-10-26 07:59:58.957610+00:00
                # 
                ok 1 - hwclock should report valid datetime
                ok 2 - hwclock should not report any errors
                1..2
            ok 1 - check that a date is received # time=24.527ms
            
            1..1
        ok 1 - check the RTC is registered # time=141.405ms
        
        1..1
    ok 9 - RTC # time=196.621ms
    
    # Subtest: USB
        # Subtest: check USB list for devices
            # Subtest: check for at least 3 devices on the bus
                ok 1 - expecting at least 3 devices on the usb bus
                1..1
            ok 1 - check for at least 3 devices on the bus # time=13.612ms
            
            1..1
        ok 1 - check USB list for devices # time=240.231ms
        
        1..1
    ok 10 - USB # time=268.89ms
    
    # Subtest: WiFi
        # Subtest: check wlan0 interface is available
            not ok 1 - Command failed: ifconfig wlan0 wlan0: error fetching interface information: Device not found
              ---
              at:
                line: 400
                column: 12
                file: node:child_process
                function: ChildProcess.exithandler
              code: 1
              killed: false
              signal: null
              cmd: ifconfig wlan0
              stdout: ""
              stderr: |
                wlan0: error fetching interface information: Device not found
              tapCaught: returnedPromiseRejection
              test: check wlan0 interface is available
              ...
            
            1..1
            # failed 1 test
        not ok 1 - check wlan0 interface is available # time=267.908ms
        
        1..1
        # failed 1 test
    not ok 11 - WiFi # time=318.956ms
    
    1..11
    # failed 1 of 11 tests
    # skip: 1
not ok 1 - balenaFin QA suite # time=10199.186ms
  ---
  timeout: 100000
  ...

# ignored_tests=coprocessor
1..1
# failed 1 test
# time=10375.781ms
# serial='1130013720220001-0034'
# location='Athens, Attica, Greece'