TAP version 13
# date=Thu, 05 Jan 2023 18:05:28 GMT
# version=1.0.0
# Subtest: balenaFin QA suite
    # Subtest: balenaOS
        # Subtest: check balenaOS version valid
            # Subtest: check result
                # balenaOS version is 2.101.7+rev1
                # 
                ok 1 - semver of balenaOS should be valid
                1..1
            ok 1 - check result # time=52.026ms
            
            1..1
        ok 1 - check balenaOS version valid # time=236.434ms
        
        1..1
    ok 1 - balenaOS # time=272.439ms
    
    # Subtest: Bluetooth
        # Subtest: check bluetooth is functional
            # Subtest: check for hci0
                ok 1 - should report 1 instance of hci0 interface
                1..1
            ok 1 - check for hci0 # time=38.447ms
            
            # Subtest: check bluetooth address
                ok 1 - BD Address should not be AA:AA:AA:AA:AA:AA
                1..1
            ok 2 - check bluetooth address # time=38.326ms
            
            1..2
        ok 1 - check bluetooth is functional # time=241.289ms
        
        1..1
    ok 2 - Bluetooth # time=290.476ms
    
    # Subtest: Coprocessor
        # Subtest: attempt to flash firmata
            # attempting to flash firmware: /usr/src/app/suites/coprocessor/bin/firmata.hex with bootloader: /usr/src/app/suites/coprocessor/bin/bootloader.s37
            # spawning openocd process with board config -d2,-f,board/balena-fin/balena-fin-v1-1.cfg
            # spawning telnet client process...
            # telnet stderr: Connection closed by foreign host.
            # 
            # telnet child process exited with code 1
            # openocd child process exited with code 0
            ok 1 - bootloader and firmware should start programming
            ok 2 - bootloader and firmware should finish programming
            ok 3 - coprocessor should be type of 'EFR32MG1B Blue Gecko'
            ok 4 - coprocessor should have flash size of '256kbytes'
            1..4
        ok 1 - attempt to flash firmata # time=64171.12ms
        
        1..1
    ok 3 - Coprocessor # time=64233.627ms
    
    # Subtest: EEPROM
        # generate test payload: 'vqrrEkYyA5K/WA0IbzQwB'
        # Subtest: check eeprom write
            # writing payload to eeprom
            ok 1 - no errors should be reported during eeprom - write
            1..1
        ok 1 - check eeprom write # time=121.871ms
        
        # Subtest: check eeprom read
            ok 1 - no errors should be reported during eeprom - read
            ok 2 - expected to read 'vqrrEkYyA5K/WA0IbzQwB' from eeprom
            1..2
        ok 2 - check eeprom read # time=33.476ms
        
        1..2
    ok 4 - EEPROM # time=192.082ms
    
    # Subtest: eMMC
        # Subtest: check size of eMMC
            # found eMMC of size 8 GB
            ok 1 - should be of size 8, 16, 32 or 64 GB; is 8 GB
            1..1
        ok 1 - check size of eMMC # time=38.117ms
        
        1..1
    ok 5 - eMMC # time=55.405ms
    
    # Subtest: Ethernet
        # Subtest: check eth0 interface is available
            ok 1 - should be able to see eth0
            1..1
        ok 1 - check eth0 interface is available # time=49.66ms
        
        # Subtest: check can reach internet
            ok 1 - should be able to reach the internet
            1..1
        ok 2 - check can reach internet # time=4099.164ms
        
        1..2
    ok 6 - Ethernet # time=4174.645ms
    
    # Subtest: I2C
        # Subtest: check i2c interface is available
            # Subtest: check for i2c addresses
                ok 1 - i2c address list should be greater than 0
                # found 3 i2c addresses
                1..1
            ok 1 - check for i2c addresses # time=8.817ms
            
            1..1
        ok 1 - check i2c interface is available # time=152.88ms
        
        1..1
    ok 7 - I2C # time=186.609ms
    
    ok 8 - Modem # SKIP
    # Subtest: RGB LED
        # Subtest: check rgb led can be controlled
            # setting RGB LED to red
            # setting RGB LED to blue
            # setting RGB LED to green
            # Subtest: check dmesg for driver output
                ok 1 - should be able to control RGB LED
                # driver output: [   11.914376] pca953x 11-0020: supply vcc not found, using dummy regulator
                # [   11.914769] pca953x 11-0020: using no AI
                # 
                1..1
            ok 1 - check dmesg for driver output # time=12.964ms
            
            1..1
        ok 1 - check rgb led can be controlled # time=3123.392ms
        
        1..1
    ok 9 - RGB LED # time=3145.632ms
    
    # Subtest: RTC
        # Subtest: check the RTC is registered
            # Subtest: check that a date is received
                # rtc datetime shown as 2023-01-05 18:06:41.869908+00:00
                # 
                ok 1 - hwclock should report valid datetime
                ok 2 - hwclock should not report any errors
                1..2
            ok 1 - check that a date is received # time=21.038ms
            
            1..1
        ok 1 - check the RTC is registered # time=196.862ms
        
        1..1
    ok 10 - RTC # time=223.787ms
    
    # Subtest: USB
        # Subtest: check USB list for devices
            # Subtest: check for at least 3 devices on the bus
                ok 1 - expecting at least 3 devices on the usb bus
                1..1
            ok 1 - check for at least 3 devices on the bus # time=9.087ms
            
            1..1
        ok 1 - check USB list for devices # time=173.733ms
        
        1..1
    ok 11 - USB # time=192.516ms
    
    # Subtest: WiFi
        # Subtest: check wlan0 interface is available
            # Subtest: check result
                ok 1 - should contain 1 instance of wlan0 interface
                1..1
            ok 1 - check result # time=13.461ms
            
            1..1
        ok 1 - check wlan0 interface is available # time=55.693ms
        
        1..1
    ok 12 - WiFi # time=81.338ms
    
    1..12
    # skip: 1
ok 1 - balenaFin QA suite # time=73174.683ms

# ignored_tests=
1..1
# time=73294.351ms
# serial='1110000729192019-0213'
# location='Bundenbach, Rheinland-Pfalz, Germany'