TAP version 13
# date=Wed, 04 Jan 2023 11:19:57 GMT
# version=1.0.0
# Subtest: balenaFin QA suite
    # Subtest: balenaOS
        # Subtest: check balenaOS version valid
            # Subtest: check result
                # balenaOS version is 2.101.7+rev1
                # 
                ok 1 - semver of balenaOS should be valid
                1..1
            ok 1 - check result # time=96.094ms
            
            1..1
        ok 1 - check balenaOS version valid # time=487.346ms
        
        1..1
    ok 1 - balenaOS # time=530.753ms
    
    # Subtest: Bluetooth
        # Subtest: check bluetooth is functional
            # Subtest: check for hci0
                ok 1 - should report 1 instance of hci0 interface
                1..1
            ok 1 - check for hci0 # time=40.799ms
            
            # Subtest: check bluetooth address
                ok 1 - BD Address should not be AA:AA:AA:AA:AA:AA
                1..1
            ok 2 - check bluetooth address # time=23.842ms
            
            1..2
        ok 1 - check bluetooth is functional # time=277.72ms
        
        1..1
    ok 2 - Bluetooth # time=331.057ms
    
    # Subtest: Coprocessor
        # Subtest: attempt to flash firmata
            # attempting to flash firmware: /usr/src/app/suites/coprocessor/bin/firmata.hex with bootloader: /usr/src/app/suites/coprocessor/bin/bootloader.s37
            # spawning openocd process with board config -d2,-f,board/balena-fin/balena-fin-v1-1.cfg
            # spawning telnet client process...
            # telnet stderr: Connection closed by foreign host.
            # 
            # openocd child process exited with code 0
            # telnet child process exited with code 1
            ok 1 - bootloader and firmware should start programming
            ok 2 - bootloader and firmware should finish programming
            ok 3 - coprocessor should be type of 'EFR32MG1B Blue Gecko'
            ok 4 - coprocessor should have flash size of '256kbytes'
            1..4
        ok 1 - attempt to flash firmata # time=64180.838ms
        
        1..1
    ok 3 - Coprocessor # time=64227.911ms
    
    # Subtest: EEPROM
        # generate test payload: 'weBfZw6wE1A+c/msDdX/4'
        # Subtest: check eeprom write
            # writing payload to eeprom
            ok 1 - no errors should be reported during eeprom - write
            1..1
        ok 1 - check eeprom write # time=141.253ms
        
        # Subtest: check eeprom read
            ok 1 - no errors should be reported during eeprom - read
            ok 2 - expected to read 'weBfZw6wE1A+c/msDdX/4' from eeprom
            1..2
        ok 2 - check eeprom read # time=40.608ms
        
        1..2
    ok 4 - EEPROM # time=215.912ms
    
    # Subtest: eMMC
        # Subtest: check size of eMMC
            # found eMMC of size 8 GB
            ok 1 - should be of size 8, 16, 32 or 64 GB; is 8 GB
            1..1
        ok 1 - check size of eMMC # time=39.404ms
        
        1..1
    ok 5 - eMMC # time=60.014ms
    
    # Subtest: Ethernet
        # Subtest: check eth0 interface is available
            ok 1 - should be able to see eth0
            1..1
        ok 1 - check eth0 interface is available # time=46.556ms
        
        # Subtest: check can reach internet
            ok 1 - should be able to reach the internet
            1..1
        ok 2 - check can reach internet # time=4106.46ms
        
        1..2
    ok 6 - Ethernet # time=4184.622ms
    
    # Subtest: I2C
        # Subtest: check i2c interface is available
            # Subtest: check for i2c addresses
                ok 1 - i2c address list should be greater than 0
                # found 3 i2c addresses
                1..1
            ok 1 - check for i2c addresses # time=13.466ms
            
            1..1
        ok 1 - check i2c interface is available # time=170.532ms
        
        1..1
    ok 7 - I2C # time=197.662ms
    
    ok 8 - Modem # SKIP
    # Subtest: RGB LED
        # Subtest: check rgb led can be controlled
            # setting RGB LED to red
            # setting RGB LED to blue
            # setting RGB LED to green
            # Subtest: check dmesg for driver output
                ok 1 - should be able to control RGB LED
                # driver output: [   12.100571] pca953x 11-0020: supply vcc not found, using dummy regulator
                # [   12.100739] pca953x 11-0020: using no AI
                # 
                1..1
            ok 1 - check dmesg for driver output # time=12.321ms
            
            1..1
        ok 1 - check rgb led can be controlled # time=3133.506ms
        
        1..1
    ok 9 - RGB LED # time=3157.519ms
    
    # Subtest: RTC
        # Subtest: check the RTC is registered
            # Subtest: check that a date is received
                # rtc datetime shown as 2023-01-04 11:21:10.848049+00:00
                # 
                ok 1 - hwclock should report valid datetime
                ok 2 - hwclock should not report any errors
                1..2
            ok 1 - check that a date is received # time=14.731ms
            
            1..1
        ok 1 - check the RTC is registered # time=223.627ms
        
        1..1
    ok 10 - RTC # time=245.829ms
    
    # Subtest: USB
        # Subtest: check USB list for devices
            # Subtest: check for at least 3 devices on the bus
                ok 1 - expecting at least 3 devices on the usb bus
                1..1
            ok 1 - check for at least 3 devices on the bus # time=7.376ms
            
            1..1
        ok 1 - check USB list for devices # time=174.392ms
        
        1..1
    ok 11 - USB # time=192.375ms
    
    # Subtest: WiFi
        # Subtest: check wlan0 interface is available
            # Subtest: check result
                ok 1 - should contain 1 instance of wlan0 interface
                1..1
            ok 1 - check result # time=8.032ms
            
            1..1
        ok 1 - check wlan0 interface is available # time=44.59ms
        
        1..1
    ok 12 - WiFi # time=66.118ms
    
    1..12
    # skip: 1
ok 1 - balenaFin QA suite # time=73583.503ms

# ignored_tests=
1..1
# time=73848.487ms
# serial='1110000729192019-0208'
# location='Bundenbach, Rheinland-Pfalz, Germany'