TAP version 13
# date=Thu, 05 Jan 2023 10:43:35 GMT
# version=1.0.0
# Subtest: balenaFin QA suite
    # Subtest: balenaOS
        # Subtest: check balenaOS version valid
            # Subtest: check result
                # balenaOS version is 2.101.7+rev1
                # 
                ok 1 - semver of balenaOS should be valid
                1..1
            ok 1 - check result # time=32.175ms
            
            1..1
        ok 1 - check balenaOS version valid # time=200.022ms
        
        1..1
    ok 1 - balenaOS # time=227.391ms
    
    # Subtest: Bluetooth
        # Subtest: check bluetooth is functional
            # Subtest: check for hci0
                ok 1 - should report 1 instance of hci0 interface
                1..1
            ok 1 - check for hci0 # time=11.962ms
            
            # Subtest: check bluetooth address
                ok 1 - BD Address should not be AA:AA:AA:AA:AA:AA
                1..1
            ok 2 - check bluetooth address # time=8.193ms
            
            1..2
        ok 1 - check bluetooth is functional # time=110.014ms
        
        1..1
    ok 2 - Bluetooth # time=134.479ms
    
    # Subtest: Coprocessor
        # Subtest: attempt to flash firmata
            # attempting to flash firmware: /usr/src/app/suites/coprocessor/bin/firmata.hex with bootloader: /usr/src/app/suites/coprocessor/bin/bootloader.s37
            # spawning openocd process with board config -d2,-f,board/balena-fin/balena-fin-v1-1.cfg
            # spawning telnet client process...
            # telnet stderr: Connection closed by foreign host.
            # 
            # openocd child process exited with code 0
            # telnet child process exited with code 1
            ok 1 - bootloader and firmware should start programming
            ok 2 - bootloader and firmware should finish programming
            ok 3 - coprocessor should be type of 'EFR32MG1B Blue Gecko'
            ok 4 - coprocessor should have flash size of '256kbytes'
            1..4
        ok 1 - attempt to flash firmata # time=64177.616ms
        
        1..1
    ok 3 - Coprocessor # time=64202.831ms
    
    # Subtest: EEPROM
        # generate test payload: 'pCqAQ0a+6XfdHoXj3vF1w'
        # Subtest: check eeprom write
            # writing payload to eeprom
            ok 1 - no errors should be reported during eeprom - write
            1..1
        ok 1 - check eeprom write # time=123.527ms
        
        # Subtest: check eeprom read
            ok 1 - no errors should be reported during eeprom - read
            ok 2 - expected to read 'pCqAQ0a+6XfdHoXj3vF1w' from eeprom
            1..2
        ok 2 - check eeprom read # time=37.542ms
        
        1..2
    ok 4 - EEPROM # time=197.122ms
    
    # Subtest: eMMC
        # Subtest: check size of eMMC
            # found eMMC of size 8 GB
            ok 1 - should be of size 8, 16, 32 or 64 GB; is 8 GB
            1..1
        ok 1 - check size of eMMC # time=43.67ms
        
        1..1
    ok 5 - eMMC # time=61.137ms
    
    # Subtest: Ethernet
        # Subtest: check eth0 interface is available
            ok 1 - should be able to see eth0
            1..1
        ok 1 - check eth0 interface is available # time=47.115ms
        
        # Subtest: check can reach internet
            ok 1 - should be able to reach the internet
            1..1
        ok 2 - check can reach internet # time=4103.928ms
        
        1..2
    ok 6 - Ethernet # time=4179.03ms
    
    # Subtest: I2C
        # Subtest: check i2c interface is available
            # Subtest: check for i2c addresses
                ok 1 - i2c address list should be greater than 0
                # found 3 i2c addresses
                1..1
            ok 1 - check for i2c addresses # time=9.107ms
            
            1..1
        ok 1 - check i2c interface is available # time=168.917ms
        
        1..1
    ok 7 - I2C # time=208.781ms
    
    ok 8 - Modem # SKIP
    # Subtest: RGB LED
        # Subtest: check rgb led can be controlled
            # setting RGB LED to red
            # setting RGB LED to blue
            # setting RGB LED to green
            # Subtest: check dmesg for driver output
                ok 1 - should be able to control RGB LED
                # driver output: [   11.832812] pca953x 11-0020: supply vcc not found, using dummy regulator
                # [   11.833009] pca953x 11-0020: using no AI
                # 
                1..1
            ok 1 - check dmesg for driver output # time=13.706ms
            
            1..1
        ok 1 - check rgb led can be controlled # time=3144.575ms
        
        1..1
    ok 9 - RGB LED # time=3165.961ms
    
    # Subtest: RTC
        # Subtest: check the RTC is registered
            # Subtest: check that a date is received
                # rtc datetime shown as 2023-01-05 10:44:48.480592+00:00
                # 
                ok 1 - hwclock should report valid datetime
                ok 2 - hwclock should not report any errors
                1..2
            ok 1 - check that a date is received # time=16.617ms
            
            1..1
        ok 1 - check the RTC is registered # time=591.815ms
        
        1..1
    ok 10 - RTC # time=622.627ms
    
    # Subtest: USB
        # Subtest: check USB list for devices
            # Subtest: check for at least 3 devices on the bus
                ok 1 - expecting at least 3 devices on the usb bus
                1..1
            ok 1 - check for at least 3 devices on the bus # time=8.693ms
            
            1..1
        ok 1 - check USB list for devices # time=172.578ms
        
        1..1
    ok 11 - USB # time=192.373ms
    
    # Subtest: WiFi
        # Subtest: check wlan0 interface is available
            # Subtest: check result
                ok 1 - should contain 1 instance of wlan0 interface
                1..1
            ok 1 - check result # time=18.05ms
            
            1..1
        ok 1 - check wlan0 interface is available # time=55.772ms
        
        1..1
    ok 12 - WiFi # time=81.536ms
    
    1..12
    # skip: 1
ok 1 - balenaFin QA suite # time=73378.604ms

# ignored_tests=
1..1
# time=73481.108ms
# serial='1110000729192019-0201'
# location='Bundenbach, Rheinland-Pfalz, Germany'