TAP version 13
# date=Wed, 04 Jan 2023 10:29:35 GMT
# version=1.0.0
# Subtest: balenaFin QA suite
    # Subtest: balenaOS
        # Subtest: check balenaOS version valid
            # Subtest: check result
                # balenaOS version is 2.101.7+rev1
                # 
                ok 1 - semver of balenaOS should be valid
                1..1
            ok 1 - check result # time=32.161ms
            
            1..1
        ok 1 - check balenaOS version valid # time=223.198ms
        
        1..1
    ok 1 - balenaOS # time=251.032ms
    
    # Subtest: Bluetooth
        # Subtest: check bluetooth is functional
            # Subtest: check for hci0
                ok 1 - should report 1 instance of hci0 interface
                1..1
            ok 1 - check for hci0 # time=13.557ms
            
            # Subtest: check bluetooth address
                ok 1 - BD Address should not be AA:AA:AA:AA:AA:AA
                1..1
            ok 2 - check bluetooth address # time=18.959ms
            
            1..2
        ok 1 - check bluetooth is functional # time=121.648ms
        
        1..1
    ok 2 - Bluetooth # time=149.986ms
    
    # Subtest: EEPROM
        # generate test payload: 'uW3ttjy5r4p06zDlI/R+A'
        # Subtest: check eeprom write
            # writing payload to eeprom
            ok 1 - no errors should be reported during eeprom - write
            1..1
        ok 1 - check eeprom write # time=169.859ms
        
        # Subtest: check eeprom read
            ok 1 - no errors should be reported during eeprom - read
            ok 2 - expected to read 'uW3ttjy5r4p06zDlI/R+A' from eeprom
            1..2
        ok 2 - check eeprom read # time=80.679ms
        
        1..2
    ok 3 - EEPROM # time=303.073ms
    
    # Subtest: eMMC
        # Subtest: check size of eMMC
            # found eMMC of size 8 GB
            ok 1 - should be of size 8, 16, 32 or 64 GB; is 8 GB
            1..1
        ok 1 - check size of eMMC # time=68.78ms
        
        1..1
    ok 4 - eMMC # time=106.235ms
    
    # Subtest: Ethernet
        # Subtest: check eth0 interface is available
            ok 1 - should be able to see eth0
            1..1
        ok 1 - check eth0 interface is available # time=92.772ms
        
        # Subtest: check can reach internet
            ok 1 - should be able to reach the internet
            1..1
        ok 2 - check can reach internet # time=4115.158ms
        
        1..2
    ok 5 - Ethernet # time=4251.588ms
    
    # Subtest: I2C
        # Subtest: check i2c interface is available
            # Subtest: check for i2c addresses
                ok 1 - i2c address list should be greater than 0
                # found 3 i2c addresses
                1..1
            ok 1 - check for i2c addresses # time=8.515ms
            
            1..1
        ok 1 - check i2c interface is available # time=211.821ms
        
        1..1
    ok 6 - I2C # time=229.318ms
    
    ok 7 - Modem # SKIP
    # Subtest: RGB LED
        # Subtest: check rgb led can be controlled
            # setting RGB LED to red
            # setting RGB LED to blue
            # setting RGB LED to green
            # Subtest: check dmesg for driver output
                ok 1 - should be able to control RGB LED
                # driver output: [   11.958180] pca953x 11-0020: supply vcc not found, using dummy regulator
                # [   11.958381] pca953x 11-0020: using no AI
                # 
                1..1
            ok 1 - check dmesg for driver output # time=18.561ms
            
            1..1
        ok 1 - check rgb led can be controlled # time=3158.857ms
        
        1..1
    ok 8 - RGB LED # time=3191.306ms
    
    # Subtest: RTC
        # Subtest: check the RTC is registered
            # Subtest: check that a date is received
                # rtc datetime shown as 2023-01-04 10:29:44.531239+00:00
                # 
                ok 1 - hwclock should report valid datetime
                ok 2 - hwclock should not report any errors
                1..2
            ok 1 - check that a date is received # time=22.724ms
            
            1..1
        ok 1 - check the RTC is registered # time=550.597ms
        
        1..1
    ok 9 - RTC # time=569.955ms
    
    # Subtest: USB
        # Subtest: check USB list for devices
            # Subtest: check for at least 3 devices on the bus
                ok 1 - expecting at least 3 devices on the usb bus
                1..1
            ok 1 - check for at least 3 devices on the bus # time=11.631ms
            
            1..1
        ok 1 - check USB list for devices # time=178.075ms
        
        1..1
    ok 10 - USB # time=195.575ms
    
    # Subtest: WiFi
        # Subtest: check wlan0 interface is available
            # Subtest: check result
                ok 1 - should contain 1 instance of wlan0 interface
                1..1
            ok 1 - check result # time=11.596ms
            
            1..1
        ok 1 - check wlan0 interface is available # time=46.613ms
        
        1..1
    ok 11 - WiFi # time=75.423ms
    
    1..11
    # skip: 1
ok 1 - balenaFin QA suite # time=9448.975ms

# ignored_tests=coprocessor
1..1
# time=9565.362ms
# serial='1110000729192019-0200'
# location='Bundenbach, Rheinland-Pfalz, Germany'