TAP version 13
# date=Wed, 19 Oct 2022 10:46:06 GMT
# version=0.0.1
# Subtest: balenaFin QA suite
    # Subtest: balenaOS
        # Subtest: check balenaOS version valid
            # Subtest: check result
                # balenaOS version is 2.101.7+rev2
                # 
                ok 1 - semver of balenaOS should be valid
                1..1
            ok 1 - check result # time=54.293ms
            
            1..1
        ok 1 - check balenaOS version valid # time=405.707ms
        
        1..1
    ok 1 - balenaOS # time=475.793ms
    
    # Subtest: Bluetooth
        # Subtest: check bluetooth is functional
            # Subtest: check for hci0
                ok 1 - should report 1 instance of hci0 interface
                1..1
            ok 1 - check for hci0 # time=51.108ms
            
            # Subtest: check bluetooth address
                ok 1 - BD Address should not be AA:AA:AA:AA:AA:AA
                1..1
            ok 2 - check bluetooth address # time=53.553ms
            
            1..2
        ok 1 - check bluetooth is functional # time=377.43ms
        
        1..1
    ok 2 - Bluetooth # time=430.995ms
    
    # Subtest: EEPROM
        # generate test payload: 'z9H1xrdAG8tT2ustq7sUl'
        # Subtest: check eeprom write
            # writing payload to eeprom
            ok 1 - no errors should be reported during eeprom - write
            1..1
        ok 1 - check eeprom write # time=238.451ms
        
        # Subtest: check eeprom read
            ok 1 - no errors should be reported during eeprom - read
            ok 2 - expected to read 'z9H1xrdAG8tT2ustq7sUl' from eeprom
            1..2
        ok 2 - check eeprom read # time=112.148ms
        
        1..2
    ok 3 - EEPROM # time=437.942ms
    
    # Subtest: eMMC
        # Subtest: check size of eMMC
            # found eMMC of size 64 GB
            ok 1 - should be of size 8, 16, 32 or 64 GB; is 64 GB
            1..1
        ok 1 - check size of eMMC # time=101.856ms
        
        1..1
    ok 4 - eMMC # time=159.558ms
    
    # Subtest: Ethernet
        # Subtest: check eth0 interface is available
            ok 1 - should be able to see eth0
            1..1
        ok 1 - check eth0 interface is available # time=143.717ms
        
        # Subtest: check can reach internet
            ok 1 - should be able to reach the internet
            1..1
        ok 2 - check can reach internet # time=4174.902ms
        
        1..2
    ok 5 - Ethernet # time=4399.614ms
    
    # Subtest: I2C
        # Subtest: check i2c interface is available
            # Subtest: check for i2c addresses
                ok 1 - i2c address list should be greater than 0
                # found 3 i2c addresses
                1..1
            ok 1 - check for i2c addresses # time=10.618ms
            
            1..1
        ok 1 - check i2c interface is available # time=356.861ms
        
        1..1
    ok 6 - I2C # time=379.88ms
    
    ok 7 - Modem # SKIP
    # Subtest: RGB LED
        # Subtest: check rgb led can be controlled
            # setting RGB LED to red
            # setting RGB LED to blue
            # setting RGB LED to green
            # Subtest: check dmesg for driver output
                ok 1 - should be able to control RGB LED
                # driver output: [   12.056361] pca953x 11-0020: supply vcc not found, using dummy regulator
                # [   12.056559] pca953x 11-0020: using no AI
                # 
                1..1
            ok 1 - check dmesg for driver output # time=20.569ms
            
            1..1
        ok 1 - check rgb led can be controlled # time=3164.304ms
        
        1..1
    ok 8 - RGB LED # time=3186.39ms
    
    # Subtest: RTC
        # Subtest: check the RTC is registered
            # Subtest: check that a date is received
                # rtc datetime shown as 2022-10-19 10:46:18.031254+00:00
                # 
                ok 1 - hwclock should report valid datetime
                ok 2 - hwclock should not report any errors
                1..2
            ok 1 - check that a date is received # time=21.666ms
            
            1..1
        ok 1 - check the RTC is registered # time=1061.061ms
        
        1..1
    ok 9 - RTC # time=1101.146ms
    
    # Subtest: USB
        # Subtest: check USB list for devices
            # Subtest: check for at least 3 devices on the bus
                ok 1 - expecting at least 3 devices on the usb bus
                1..1
            ok 1 - check for at least 3 devices on the bus # time=7.671ms
            
            1..1
        ok 1 - check USB list for devices # time=205.853ms
        
        1..1
    ok 10 - USB # time=224.078ms
    
    # Subtest: WiFi
        # Subtest: check wlan0 interface is available
            # Subtest: check result
                ok 1 - should contain 1 instance of wlan0 interface
                1..1
            ok 1 - check result # time=7.359ms
            
            1..1
        ok 1 - check wlan0 interface is available # time=66.694ms
        
        1..1
    ok 11 - WiFi # time=95.832ms
    
    1..11
    # skip: 1
ok 1 - balenaFin QA suite # time=11113.13ms

# ignored_tests=coprocessor
1..1
# time=11298.256ms
# serial='1130013720220001-0025'
# location='Athens, Attica, Greece'