TAP version 13
# date=Wed, 26 Oct 2022 09:24:44 GMT
# version=0.0.1
# Subtest: balenaFin QA suite
    # Subtest: balenaOS
        # Subtest: check balenaOS version valid
            # Subtest: check result
                # balenaOS version is 2.101.7+rev2
                # 
                ok 1 - semver of balenaOS should be valid
                1..1
            ok 1 - check result # time=40.219ms
            
            1..1
        ok 1 - check balenaOS version valid # time=324.39ms
        
        1..1
    ok 1 - balenaOS # time=364.1ms
    
    # Subtest: Bluetooth
        # Subtest: check bluetooth is functional
            # Subtest: check for hci0
                ok 1 - should report 1 instance of hci0 interface
                1..1
            ok 1 - check for hci0 # time=18.399ms
            
            # Subtest: check bluetooth address
                ok 1 - BD Address should not be AA:AA:AA:AA:AA:AA
                1..1
            ok 2 - check bluetooth address # time=18.556ms
            
            1..2
        ok 1 - check bluetooth is functional # time=209.783ms
        
        1..1
    ok 2 - Bluetooth # time=236.797ms
    
    # Subtest: EEPROM
        # generate test payload: 'McIjmSV8UHqkQO12ynF24'
        # Subtest: check eeprom write
            # writing payload to eeprom
            ok 1 - no errors should be reported during eeprom - write
            1..1
        ok 1 - check eeprom write # time=205.038ms
        
        # Subtest: check eeprom read
            ok 1 - no errors should be reported during eeprom - read
            ok 2 - expected to read 'McIjmSV8UHqkQO12ynF24' from eeprom
            1..2
        ok 2 - check eeprom read # time=154.204ms
        
        1..2
    ok 3 - EEPROM # time=436.461ms
    
    # Subtest: eMMC
        # Subtest: check size of eMMC
            # found eMMC of size 64 GB
            ok 1 - should be of size 8, 16, 32 or 64 GB; is 64 GB
            1..1
        ok 1 - check size of eMMC # time=138.374ms
        
        1..1
    ok 4 - eMMC # time=225.049ms
    
    # Subtest: Ethernet
        # Subtest: check eth0 interface is available
            ok 1 - should be able to see eth0
            1..1
        ok 1 - check eth0 interface is available # time=164.49ms
        
        # Subtest: check can reach internet
            ok 1 - should be able to reach the internet
            1..1
        ok 2 - check can reach internet # time=4170.765ms
        
        1..2
    ok 5 - Ethernet # time=4398.431ms
    
    # Subtest: I2C
        # Subtest: check i2c interface is available
            # Subtest: check for i2c addresses
                ok 1 - i2c address list should be greater than 0
                # found 3 i2c addresses
                1..1
            ok 1 - check for i2c addresses # time=20.72ms
            
            1..1
        ok 1 - check i2c interface is available # time=207.701ms
        
        1..1
    ok 6 - I2C # time=227.075ms
    
    ok 7 - Modem # SKIP
    # Subtest: RGB LED
        # Subtest: check rgb led can be controlled
            # setting RGB LED to red
            # setting RGB LED to blue
            # setting RGB LED to green
            # Subtest: check dmesg for driver output
                ok 1 - should be able to control RGB LED
                # driver output: [   11.829752] pca953x 11-0020: supply vcc not found, using dummy regulator
                # [   11.829928] pca953x 11-0020: using no AI
                # 
                1..1
            ok 1 - check dmesg for driver output # time=17.306ms
            
            1..1
        ok 1 - check rgb led can be controlled # time=3157.9ms
        
        1..1
    ok 8 - RGB LED # time=3193.566ms
    
    # Subtest: RTC
        # Subtest: check the RTC is registered
            # Subtest: check that a date is received
                # rtc datetime shown as 2022-10-26 09:24:54.800928+00:00
                # 
                ok 1 - hwclock should report valid datetime
                ok 2 - hwclock should not report any errors
                1..2
            ok 1 - check that a date is received # time=26.505ms
            
            1..1
        ok 1 - check the RTC is registered # time=281.624ms
        
        1..1
    ok 9 - RTC # time=324.04ms
    
    # Subtest: USB
        # Subtest: check USB list for devices
            # Subtest: check for at least 3 devices on the bus
                ok 1 - expecting at least 3 devices on the usb bus
                1..1
            ok 1 - check for at least 3 devices on the bus # time=10.233ms
            
            1..1
        ok 1 - check USB list for devices # time=206.087ms
        
        1..1
    ok 10 - USB # time=243.914ms
    
    # Subtest: WiFi
        # Subtest: check wlan0 interface is available
            # Subtest: check result
                ok 1 - should contain 1 instance of wlan0 interface
                1..1
            ok 1 - check result # time=8.314ms
            
            1..1
        ok 1 - check wlan0 interface is available # time=59.588ms
        
        1..1
    ok 11 - WiFi # time=186.983ms
    
    1..11
    # skip: 1
ok 1 - balenaFin QA suite # time=9983.775ms

# ignored_tests=coprocessor
1..1
# time=10150.105ms
# serial='1130013720220001-0041'
# location='Athens, Attica, Greece'