TAP version 13
# date=Wed, 28 Sep 2022 12:00:13 GMT
# version=0.0.1
# Subtest: balenaFin QA suite
    # Subtest: balenaOS
        # Subtest: check balenaOS version valid
            # Subtest: check result
                # balenaOS version is 2.101.7+rev2
                # 
                ok 1 - semver of balenaOS should be valid
                1..1
            ok 1 - check result # time=82.733ms
            
            1..1
        ok 1 - check balenaOS version valid # time=599.696ms
        
        1..1
    ok 1 - balenaOS # time=679.64ms
    
    # Subtest: EEPROM
        # generate test payload: 'MbDURPTUzKwvB9m+Vcesm'
        # Subtest: check eeprom write
            # writing payload to eeprom
            ok 1 - no errors should be reported during eeprom - write
            1..1
        ok 1 - check eeprom write # time=206.135ms
        
        # Subtest: check eeprom read
            ok 1 - no errors should be reported during eeprom - read
            ok 2 - expected to read 'MbDURPTUzKwvB9m+Vcesm' from eeprom
            1..2
        ok 2 - check eeprom read # time=73.934ms
        
        1..2
    ok 2 - EEPROM # time=351.998ms
    
    # Subtest: eMMC
        # Subtest: check size of eMMC
            # found eMMC of size 64 GB
            ok 1 - should be of size 8, 16, 32 or 64 GB; is 64 GB
            1..1
        ok 1 - check size of eMMC # time=72.023ms
        
        1..1
    ok 3 - eMMC # time=97.219ms
    
    # Subtest: Ethernet
        # Subtest: check eth0 interface is available
            ok 1 - should be able to see eth0
            1..1
        ok 1 - check eth0 interface is available # time=80.033ms
        
        # Subtest: check can reach internet
            ok 1 - should be able to reach the internet
            1..1
        ok 2 - check can reach internet # time=4129.546ms
        
        1..2
    ok 4 - Ethernet # time=4257.412ms
    
    # Subtest: I2C
        # Subtest: check i2c interface is available
            # Subtest: check for i2c addresses
                ok 1 - i2c address list should be greater than 0
                # found 3 i2c addresses
                1..1
            ok 1 - check for i2c addresses # time=14.321ms
            
            1..1
        ok 1 - check i2c interface is available # time=240.415ms
        
        1..1
    ok 5 - I2C # time=264.256ms
    
    ok 6 - Modem # SKIP
    # Subtest: RGB LED
        # Subtest: check rgb led can be controlled
            # setting RGB LED to red
            # setting RGB LED to blue
            # setting RGB LED to green
            # Subtest: check dmesg for driver output
                ok 1 - should be able to control RGB LED
                # driver output: [   12.072592] pca953x 11-0020: supply vcc not found, using dummy regulator
                # [   12.072759] pca953x 11-0020: using no AI
                # 
                1..1
            ok 1 - check dmesg for driver output # time=9.954ms
            
            1..1
        ok 1 - check rgb led can be controlled # time=3143.713ms
        
        1..1
    ok 7 - RGB LED # time=3168.275ms
    
    # Subtest: RTC
        # Subtest: check the RTC is registered
            # Subtest: check that a date is received
                # rtc datetime shown as 2022-09-28 12:00:24.101475+00:00
                # 
                ok 1 - hwclock should report valid datetime
                ok 2 - hwclock should not report any errors
                1..2
            ok 1 - check that a date is received # time=24.149ms
            
            1..1
        ok 1 - check the RTC is registered # time=1074.551ms
        
        1..1
    ok 8 - RTC # time=1101.281ms
    
    # Subtest: USB
        # Subtest: check USB list for devices
            # Subtest: check for at least 3 devices on the bus
                ok 1 - expecting at least 3 devices on the usb bus
                1..1
            ok 1 - check for at least 3 devices on the bus # time=9.697ms
            
            1..1
        ok 1 - check USB list for devices # time=184.5ms
        
        1..1
    ok 9 - USB # time=208.3ms
    
    1..9
    # skip: 1
ok 1 - balenaFin QA suite # time=10379.583ms

# ignored_tests=wifi,bluetooth,coprocessor
1..1
# time=10623.796ms
# serial='1130013720220001-0005'
# location='Athens, Attica, Greece'