TAP version 13
# Subtest: balenaFin suite - v0.0.1 - Fri, 16 Sep 2022 12:36:28 GMT
    # Subtest: balenaOS
        # Subtest: check balenaOS version valid
            # Subtest: check result
                # balenaOS version is 2.101.7+rev1
                # 
                ok 1 - semver of balenaOS should be valid
                1..1
            ok 1 - check result # time=53.179ms
            
            1..1
        ok 1 - check balenaOS version valid # time=429.132ms
        
        1..1
    ok 1 - balenaOS # time=478.221ms
    
    # Subtest: Bluetooth
        # Subtest: check bluetooth is functional
            # Subtest: check bluetooth scan
                ok 1 - should be able to see a bluetooth device
                1..1
            ok 1 - check bluetooth scan # time=13.082ms
            
            # Subtest: check for hci0
                ok 1 - should report 1 instance of hci0 interface
                1..1
            ok 2 - check for hci0 # time=9.356ms
            
            # Subtest: check bluetooth address
                ok 1 - BD Address should not be AA:AA:AA:AA:AA:AA
                1..1
            ok 3 - check bluetooth address # time=5.613ms
            
            1..3
        ok 1 - check bluetooth is functional # time=10652.69ms
        
        1..1
    ok 2 - Bluetooth # time=10684.685ms
    
    # Subtest: Coprocessor
        # Subtest: attempt to flash firmata
            # attempting to flash firmware: /usr/src/app/suites/coprocessor/bin/firmata.hex with bootloader: /usr/src/app/suites/coprocessor/bin/bootloader.s37
            # spawning openocd process with board config -d2,-f,board/balena-fin/balena-fin-v1-1.cfg
            # spawning telnet client process...
            # telnet stderr: Connection closed by foreign host.
            # 
            # openocd child process exited with code 0
            # telnet child process exited with code 1
            ok 1 - bootloader and firmware should start programming
            ok 2 - bootloader and firmware should finish programming
            ok 3 - coprocessor should be type of 'EFR32MG1B Blue Gecko'
            ok 4 - coprocessor should have flash size of '256kbytes'
            1..4
        ok 1 - attempt to flash firmata # time=64134.618ms
        
        1..1
    ok 3 - Coprocessor # time=64157.67ms
    
    # Subtest: EEPROM
        # generate test payload: 'Cb+v5tER9BgATUJVcan3M'
        # Subtest: check eeprom write
            # writing payload to eeprom
            ok 1 - no errors should be reported during eeprom - write
            1..1
        ok 1 - check eeprom write # time=140.752ms
        
        # Subtest: check eeprom read
            ok 1 - no errors should be reported during eeprom - read
            ok 2 - expected to read 'Cb+v5tER9BgATUJVcan3M' from eeprom
            1..2
        ok 2 - check eeprom read # time=32.295ms
        
        1..2
    ok 4 - EEPROM # time=206.03ms
    
    # Subtest: eMMC
        # Subtest: check size of eMMC
            # found eMMC of size 8 GB
            ok 1 - should be of size 8, 16, 32 or 64 GB; is 8 GB
            1..1
        ok 1 - check size of eMMC # time=43.61ms
        
        1..1
    ok 5 - eMMC # time=63.664ms
    
    # Subtest: Ethernet
        # Subtest: check eth0 interface is available
            ok 1 - should be able to see eth0
            1..1
        ok 1 - check eth0 interface is available # time=48.696ms
        
        # Subtest: check can reach internet
            ok 1 - should be able to reach the internet
            1..1
        ok 2 - check can reach internet # time=4101.785ms
        
        1..2
    ok 6 - Ethernet # time=4175.47ms
    
    # Subtest: I2C
        # Subtest: check i2c interface is available
            # Subtest: check for i2c addresses
                ok 1 - i2c address list should be greater than 0
                # found 3 i2c addresses
                1..1
            ok 1 - check for i2c addresses # time=16.364ms
            
            1..1
        ok 1 - check i2c interface is available # time=182.01ms
        
        1..1
    ok 7 - I2C # time=208.013ms
    
    ok 8 - Modem # SKIP
    # Subtest: RGB LED
        # Subtest: check rgb led can be controlled
            # setting RGB LED to cyan
            # Subtest: check dmesg for driver output
                ok 1 - should be able to control RGB LED
                # driver output: [   10.036662] pca953x 11-0020: supply vcc not found, using dummy regulator
                # [   10.036875] pca953x 11-0020: using no AI
                # 
                1..1
            ok 1 - check dmesg for driver output # time=10.998ms
            
            1..1
        ok 1 - check rgb led can be controlled # time=2100.598ms
        
        1..1
    ok 9 - RGB LED # time=2126.982ms
    
    # Subtest: RTC
        # Subtest: check the RTC is registered
            # Subtest: check that a date is received
                # rtc datetime shown as 2022-09-16 12:37:51.655986+00:00
                # 
                ok 1 - hwclock should report valid datetime
                ok 2 - hwclock should not report any errors
                1..2
            ok 1 - check that a date is received # time=18.622ms
            
            1..1
        ok 1 - check the RTC is registered # time=393.741ms
        
        1..1
    ok 10 - RTC # time=417.292ms
    
    # Subtest: USB
        # Subtest: check USB list for devices
            # Subtest: check for at least 3 devices on the bus
                ok 1 - expecting at least 3 devices on the usb bus
                1..1
            ok 1 - check for at least 3 devices on the bus # time=19.66ms
            
            1..1
        ok 1 - check USB list for devices # time=89.429ms
        
        1..1
    ok 11 - USB # time=112.29ms
    
    # Subtest: WiFi
        # Subtest: check wlan0 interface is available
            # Subtest: check result
                ok 1 - should contain 1 instance of wlan0 interface
                1..1
            ok 1 - check result # time=9.598ms
            
            1..1
        ok 1 - check wlan0 interface is available # time=51.158ms
        
        1..1
    ok 12 - WiFi # time=77.322ms
    
    1..12
    # skip: 1
ok 1 - balenaFin suite - v0.0.1 - Fri, 16 Sep 2022 12:36:28 GMT # time=82880.266ms

1..1
# time=83307.334ms
# serial='1130013720220002-0000'
# location='Brighton, England, United Kingdom'