TAP version 13
# date=Mon, 31 Oct 2022 12:04:53 GMT
# version=0.0.1
# Subtest: balenaFin QA suite
    # Subtest: balenaOS
        # Subtest: check balenaOS version valid
            # Subtest: check result
                # balenaOS version is 2.101.7+rev2
                # 
                ok 1 - semver of balenaOS should be valid
                1..1
            ok 1 - check result # time=98.309ms
            
            1..1
        ok 1 - check balenaOS version valid # time=465.106ms
        
        1..1
    ok 1 - balenaOS # time=531.496ms
    
    # Subtest: Bluetooth
        # Subtest: check bluetooth is functional
            # Subtest: check for hci0
                ok 1 - should report 1 instance of hci0 interface
                1..1
            ok 1 - check for hci0 # time=38.064ms
            
            # Subtest: check bluetooth address
                ok 1 - BD Address should not be AA:AA:AA:AA:AA:AA
                1..1
            ok 2 - check bluetooth address # time=25.501ms
            
            1..2
        ok 1 - check bluetooth is functional # time=323.687ms
        
        1..1
    ok 2 - Bluetooth # time=400.325ms
    
    # Subtest: EEPROM
        # generate test payload: 'wYLSNLmOet6lUStnAzoNV'
        # Subtest: check eeprom write
            # writing payload to eeprom
            ok 1 - no errors should be reported during eeprom - write
            1..1
        ok 1 - check eeprom write # time=348.557ms
        
        # Subtest: check eeprom read
            ok 1 - no errors should be reported during eeprom - read
            ok 2 - expected to read 'wYLSNLmOet6lUStnAzoNV' from eeprom
            1..2
        ok 2 - check eeprom read # time=83.246ms
        
        1..2
    ok 3 - EEPROM # time=511.341ms
    
    # Subtest: eMMC
        # Subtest: check size of eMMC
            # found eMMC of size 64 GB
            ok 1 - should be of size 8, 16, 32 or 64 GB; is 64 GB
            1..1
        ok 1 - check size of eMMC # time=63.97ms
        
        1..1
    ok 4 - eMMC # time=109.615ms
    
    # Subtest: Ethernet
        # Subtest: check eth0 interface is available
            ok 1 - should be able to see eth0
            1..1
        ok 1 - check eth0 interface is available # time=147.397ms
        
        # Subtest: check can reach internet
            ok 1 - should be able to reach the internet
            1..1
        ok 2 - check can reach internet # time=4178.839ms
        
        1..2
    ok 5 - Ethernet # time=4417.477ms
    
    # Subtest: I2C
        # Subtest: check i2c interface is available
            # Subtest: check for i2c addresses
                ok 1 - i2c address list should be greater than 0
                # found 3 i2c addresses
                1..1
            ok 1 - check for i2c addresses # time=10.177ms
            
            1..1
        ok 1 - check i2c interface is available # time=219.837ms
        
        1..1
    ok 6 - I2C # time=238.601ms
    
    ok 7 - Modem # SKIP
    # Subtest: RGB LED
        # Subtest: check rgb led can be controlled
            # setting RGB LED to red
            # setting RGB LED to blue
            # setting RGB LED to green
            # Subtest: check dmesg for driver output
                ok 1 - should be able to control RGB LED
                # driver output: [   12.650928] pca953x 11-0020: supply vcc not found, using dummy regulator
                # [   12.651098] pca953x 11-0020: using no AI
                # 
                1..1
            ok 1 - check dmesg for driver output # time=25.508ms
            
            1..1
        ok 1 - check rgb led can be controlled # time=3190.893ms
        
        1..1
    ok 8 - RGB LED # time=3228.055ms
    
    # Subtest: RTC
        # Subtest: check the RTC is registered
            # Subtest: check that a date is received
                # rtc datetime shown as 2022-10-31 12:05:04.540847+00:00
                # 
                ok 1 - hwclock should report valid datetime
                ok 2 - hwclock should not report any errors
                1..2
            ok 1 - check that a date is received # time=23.161ms
            
            1..1
        ok 1 - check the RTC is registered # time=554.657ms
        
        1..1
    ok 9 - RTC # time=589.414ms
    
    # Subtest: USB
        # Subtest: check USB list for devices
            # Subtest: check for at least 3 devices on the bus
                ok 1 - expecting at least 3 devices on the usb bus
                1..1
            ok 1 - check for at least 3 devices on the bus # time=28.799ms
            
            1..1
        ok 1 - check USB list for devices # time=271.755ms
        
        1..1
    ok 10 - USB # time=308.116ms
    
    # Subtest: WiFi
        # Subtest: check wlan0 interface is available
            # Subtest: check result
                ok 1 - should contain 1 instance of wlan0 interface
                1..1
            ok 1 - check result # time=18.786ms
            
            1..1
        ok 1 - check wlan0 interface is available # time=88.213ms
        
        1..1
    ok 11 - WiFi # time=120.456ms
    
    1..11
    # skip: 1
ok 1 - balenaFin QA suite # time=10610.694ms

# ignored_tests=coprocessor
1..1
# time=10759.312ms
# serial='1130013720220001-0077'
# location='Athens, Attica, Greece'