TAP version 13
# date=Wed, 28 Sep 2022 12:00:16 GMT
# version=0.0.1
# Subtest: balenaFin QA suite
    # Subtest: balenaOS
        # Subtest: check balenaOS version valid
            # Subtest: check result
                # balenaOS version is 2.101.7+rev2
                # 
                ok 1 - semver of balenaOS should be valid
                1..1
            ok 1 - check result # time=53.066ms
            
            1..1
        ok 1 - check balenaOS version valid # time=347.505ms
        
        1..1
    ok 1 - balenaOS # time=391.748ms
    
    # Subtest: EEPROM
        # generate test payload: 'q3EZFytk9BjlDopmlXAG5'
        # Subtest: check eeprom write
            # writing payload to eeprom
            ok 1 - no errors should be reported during eeprom - write
            1..1
        ok 1 - check eeprom write # time=186.308ms
        
        # Subtest: check eeprom read
            ok 1 - no errors should be reported during eeprom - read
            ok 2 - expected to read 'q3EZFytk9BjlDopmlXAG5' from eeprom
            1..2
        ok 2 - check eeprom read # time=83.334ms
        
        1..2
    ok 2 - EEPROM # time=323.775ms
    
    # Subtest: eMMC
        # Subtest: check size of eMMC
            # found eMMC of size 64 GB
            ok 1 - should be of size 8, 16, 32 or 64 GB; is 64 GB
            1..1
        ok 1 - check size of eMMC # time=106.855ms
        
        1..1
    ok 3 - eMMC # time=179.837ms
    
    # Subtest: Ethernet
        # Subtest: check eth0 interface is available
            ok 1 - should be able to see eth0
            1..1
        ok 1 - check eth0 interface is available # time=80.836ms
        
        # Subtest: check can reach internet
            ok 1 - should be able to reach the internet
            1..1
        ok 2 - check can reach internet # time=4134.537ms
        
        1..2
    ok 4 - Ethernet # time=4284.288ms
    
    # Subtest: I2C
        # Subtest: check i2c interface is available
            # Subtest: check for i2c addresses
                ok 1 - i2c address list should be greater than 0
                # found 3 i2c addresses
                1..1
            ok 1 - check for i2c addresses # time=9.548ms
            
            1..1
        ok 1 - check i2c interface is available # time=205.185ms
        
        1..1
    ok 5 - I2C # time=225.319ms
    
    ok 6 - Modem # SKIP
    # Subtest: RGB LED
        # Subtest: check rgb led can be controlled
            # setting RGB LED to red
            # setting RGB LED to blue
            # setting RGB LED to green
            # Subtest: check dmesg for driver output
                ok 1 - should be able to control RGB LED
                # driver output: [   12.088272] pca953x 11-0020: supply vcc not found, using dummy regulator
                # [   12.088448] pca953x 11-0020: using no AI
                # 
                1..1
            ok 1 - check dmesg for driver output # time=11.608ms
            
            1..1
        ok 1 - check rgb led can be controlled # time=3143.917ms
        
        1..1
    ok 7 - RGB LED # time=3167.094ms
    
    # Subtest: RTC
        # Subtest: check the RTC is registered
            # Subtest: check that a date is received
                # rtc datetime shown as 2022-09-28 12:00:26.857510+00:00
                # 
                ok 1 - hwclock should report valid datetime
                ok 2 - hwclock should not report any errors
                1..2
            ok 1 - check that a date is received # time=26.611ms
            
            1..1
        ok 1 - check the RTC is registered # time=320.531ms
        
        1..1
    ok 8 - RTC # time=341.163ms
    
    # Subtest: USB
        # Subtest: check USB list for devices
            # Subtest: check for at least 3 devices on the bus
                ok 1 - expecting at least 3 devices on the usb bus
                1..1
            ok 1 - check for at least 3 devices on the bus # time=7.845ms
            
            1..1
        ok 1 - check USB list for devices # time=196.744ms
        
        1..1
    ok 9 - USB # time=216.546ms
    
    1..9
    # skip: 1
ok 1 - balenaFin QA suite # time=9327.72ms

# ignored_tests=wifi,bluetooth,coprocessor
1..1
# time=9569.253ms
# serial='1130013720220001-0004'
# location='Athens, Attica, Greece'