TAP version 13
# date=Thu, 27 Oct 2022 09:54:54 GMT
# version=0.0.1
# Subtest: balenaFin QA suite
    # Subtest: balenaOS
        # Subtest: check balenaOS version valid
            # Subtest: check result
                # balenaOS version is 2.101.7+rev2
                # 
                ok 1 - semver of balenaOS should be valid
                1..1
            ok 1 - check result # time=47.762ms
            
            1..1
        ok 1 - check balenaOS version valid # time=302.066ms
        
        1..1
    ok 1 - balenaOS # time=340.922ms
    
    # Subtest: Bluetooth
        # Subtest: check bluetooth is functional
            # Subtest: check for hci0
                ok 1 - should report 1 instance of hci0 interface
                1..1
            ok 1 - check for hci0 # time=22.356ms
            
            # Subtest: check bluetooth address
                ok 1 - BD Address should not be AA:AA:AA:AA:AA:AA
                1..1
            ok 2 - check bluetooth address # time=37.053ms
            
            1..2
        ok 1 - check bluetooth is functional # time=304.029ms
        
        1..1
    ok 2 - Bluetooth # time=355.141ms
    
    # Subtest: EEPROM
        # generate test payload: '3sBb0Zdzy+VznKCxYwUSJ'
        # Subtest: check eeprom write
            # writing payload to eeprom
            ok 1 - no errors should be reported during eeprom - write
            1..1
        ok 1 - check eeprom write # time=248.22ms
        
        # Subtest: check eeprom read
            ok 1 - no errors should be reported during eeprom - read
            ok 2 - expected to read '3sBb0Zdzy+VznKCxYwUSJ' from eeprom
            1..2
        ok 2 - check eeprom read # time=148.751ms
        
        1..2
    ok 3 - EEPROM # time=466.42ms
    
    # Subtest: eMMC
        # Subtest: check size of eMMC
            # found eMMC of size 64 GB
            ok 1 - should be of size 8, 16, 32 or 64 GB; is 64 GB
            1..1
        ok 1 - check size of eMMC # time=102.891ms
        
        1..1
    ok 4 - eMMC # time=163.185ms
    
    # Subtest: Ethernet
        # Subtest: check eth0 interface is available
            ok 1 - should be able to see eth0
            1..1
        ok 1 - check eth0 interface is available # time=173.194ms
        
        # Subtest: check can reach internet
            ok 1 - should be able to reach the internet
            1..1
        ok 2 - check can reach internet # time=4186.184ms
        
        1..2
    ok 5 - Ethernet # time=4421.69ms
    
    # Subtest: I2C
        # Subtest: check i2c interface is available
            # Subtest: check for i2c addresses
                ok 1 - i2c address list should be greater than 0
                # found 3 i2c addresses
                1..1
            ok 1 - check for i2c addresses # time=25.749ms
            
            1..1
        ok 1 - check i2c interface is available # time=275.067ms
        
        1..1
    ok 6 - I2C # time=295.433ms
    
    ok 7 - Modem # SKIP
    # Subtest: RGB LED
        # Subtest: check rgb led can be controlled
            # setting RGB LED to red
            # setting RGB LED to blue
            # setting RGB LED to green
            # Subtest: check dmesg for driver output
                ok 1 - should be able to control RGB LED
                # driver output: [   12.256777] pca953x 11-0020: supply vcc not found, using dummy regulator
                # [   12.256988] pca953x 11-0020: using no AI
                # 
                1..1
            ok 1 - check dmesg for driver output # time=17.419ms
            
            1..1
        ok 1 - check rgb led can be controlled # time=3164.872ms
        
        1..1
    ok 8 - RGB LED # time=3193.596ms
    
    # Subtest: RTC
        # Subtest: check the RTC is registered
            # Subtest: check that a date is received
                # rtc datetime shown as 2022-10-27 09:55:04.106208+00:00
                # 
                ok 1 - hwclock should report valid datetime
                ok 2 - hwclock should not report any errors
                1..2
            ok 1 - check that a date is received # time=22.14ms
            
            1..1
        ok 1 - check the RTC is registered # time=981.314ms
        
        1..1
    ok 9 - RTC # time=1012.75ms
    
    # Subtest: USB
        # Subtest: check USB list for devices
            # Subtest: check for at least 3 devices on the bus
                ok 1 - expecting at least 3 devices on the usb bus
                1..1
            ok 1 - check for at least 3 devices on the bus # time=6.626ms
            
            1..1
        ok 1 - check USB list for devices # time=198.27ms
        
        1..1
    ok 10 - USB # time=241.197ms
    
    # Subtest: WiFi
        # Subtest: check wlan0 interface is available
            # Subtest: check result
                ok 1 - should contain 1 instance of wlan0 interface
                1..1
            ok 1 - check result # time=19.723ms
            
            1..1
        ok 1 - check wlan0 interface is available # time=70.875ms
        
        1..1
    ok 11 - WiFi # time=110.68ms
    
    1..11
    # skip: 1
ok 1 - balenaFin QA suite # time=10759.235ms

# ignored_tests=coprocessor
1..1
# time=10928.648ms
# serial='1130013720220001-0050'
# location='Athens, Attica, Greece'